<?xml version="1.0" encoding="UTF-8"?>
<testsuites name="Auth" time="69.518" tests="2" failures="0" errors="0">
   <testsuite name="Auth" tests="2" failures="0" errors="0" time="69.518" skipped="0" timestamp="2023-12-19 13:57:51" hostname="RENUKW - DESKTOP-I2EJ8U7" id="Test Suites/Auth">
      <properties>
         <property name="deviceName" value=""/>
         <property name="devicePlatform" value=""/>
         <property name="logFolder" value="D:\\01. SALSABILA RAHADATUL AISY\\Certification Katalon\\luma-shop\\Reports\\20231219_135731\\Auth\\20231219_135732"/>
         <property name="logFiles" value="D:\\01. SALSABILA RAHADATUL AISY\\Certification Katalon\\luma-shop\\Reports\\20231219_135731\\Auth\\20231219_135732\\execution0.log"/>
         <property name="attachments" value=""/>
         <property name="hostName" value="RENUKW - DESKTOP-I2EJ8U7"/>
         <property name="os" value="Windows 10 64bit"/>
         <property name="katalonVersion" value="9.0.0.212"/>
         <property name="browser" value="Edge Chromium 120"/>
         <property name="hostAddress" value="192.168.100.244"/>
         <property name="sessionId" value="11cac13a304826815bb57c4b0aaed6d9"/>
         <property name="seleniumVersion" value="3.141.59"/>
         <property name="proxyInformation" value="ProxyInformation { proxyOption=NO_PROXY, proxyServerType=HTTP, username=, password=********, proxyServerAddress=, proxyServerPort=0, executionList=&quot;&quot;, isApplyToDesiredCapabilities=true }"/>
         <property name="platform" value="Windows 10"/>
      </properties>
      <testcase name="Test Cases/SignUp/TCSG_001_Success_Register with valid input" time="37.616" classname="Test Cases/SignUp/TCSG_001_Success_Register with valid input" status="PASSED">
         <system-out><![CDATA[2023-12-19 13:57:51 - [TEST_CASE][PASSED] - Test Cases/SignUp/TCSG_001_Success_Register with valid input: Test Cases/SignUp/TCSG_001_Success_Register with valid input

2023-12-19 13:57:52 - [TEST_STEP][PASSED] - randomNumber = RandomStringUtils.randomNumeric(5): null

2023-12-19 13:57:52 - [TEST_STEP][PASSED] - username = "salsabilasy": null

2023-12-19 13:57:52 - [TEST_STEP][PASSED] - random_email = username + randomNumber + "@mail.com": null

2023-12-19 13:57:52 - [TEST_STEP][PASSED] - openBrowser(url): Browser is opened with url: 'https://magento.softwaretestingboard.com/'

2023-12-19 13:57:53 - [MESSAGE][INFO] - Starting 'Edge Chromium' driver

2023-12-19 13:57:54 - [MESSAGE][INFO] - Action delay is set to 0 milliseconds

2023-12-19 13:58:00 - [MESSAGE][PASSED] - Browser is opened with url: 'https://magento.softwaretestingboard.com/'

2023-12-19 13:58:00 - [TEST_STEP][PASSED] - click(findTestObject("HomePage/button_Sign Up")): Object: 'Object Repository/HomePage/button_Sign Up' is clicked on

2023-12-19 13:58:04 - [MESSAGE][PASSED] - Object: 'Object Repository/HomePage/button_Sign Up' is clicked on

2023-12-19 13:58:04 - [TEST_STEP][PASSED] - setText(findTestObject("SignUp/input_First Name"), "Salsabila"): Text 'Salsabila' is set on object 'Object Repository/SignUp/input_First Name'

2023-12-19 13:58:05 - [MESSAGE][PASSED] - Text 'Salsabila' is set on object 'Object Repository/SignUp/input_First Name'

2023-12-19 13:58:05 - [TEST_STEP][PASSED] - setText(findTestObject("SignUp/input_Last Name"), "Aisy"): Text 'Aisy' is set on object 'Object Repository/SignUp/input_Last Name'

2023-12-19 13:58:06 - [MESSAGE][PASSED] - Text 'Aisy' is set on object 'Object Repository/SignUp/input_Last Name'

2023-12-19 13:58:06 - [TEST_STEP][PASSED] - setText(findTestObject("SignUp/input_Email"), random_email): Text 'salsabilasy99635@mail.com' is set on object 'Object Repository/SignUp/input_Email'

2023-12-19 13:58:06 - [MESSAGE][PASSED] - Text 'salsabilasy99635@mail.com' is set on object 'Object Repository/SignUp/input_Email'

2023-12-19 13:58:06 - [TEST_STEP][PASSED] - setEncryptedText(findTestObject("SignUp/input_Password"), "ugPaP9TfAFilB8cfGYIcUQ=="): Text ****** has been set on object 'Object Repository/SignUp/input_Password'

2023-12-19 13:58:07 - [MESSAGE][PASSED] - Text ****** has been set on object 'Object Repository/SignUp/input_Password'

2023-12-19 13:58:07 - [TEST_STEP][PASSED] - setEncryptedText(findTestObject("SignUp/input_Confirmation Password"), "ugPaP9TfAFilB8cfGYIcUQ=="): Text ****** has been set on object 'Object Repository/SignUp/input_Confirmation Password'

2023-12-19 13:58:08 - [MESSAGE][PASSED] - Text ****** has been set on object 'Object Repository/SignUp/input_Confirmation Password'

2023-12-19 13:58:08 - [TEST_STEP][PASSED] - click(findTestObject("SignUp/button_Create Account")): Object: 'Object Repository/SignUp/button_Create Account' is clicked on

2023-12-19 13:58:22 - [MESSAGE][PASSED] - Object: 'Object Repository/SignUp/button_Create Account' is clicked on

2023-12-19 13:58:22 - [TEST_STEP][PASSED] - verifyElementPresent(findTestObject("MyAccount/message_Success Register"), 0): Object 'Object Repository/MyAccount/message_Success Register' is present

2023-12-19 13:58:22 - [MESSAGE][WARNING] - Timeout '0' is invalid. Using default page load timeout: '30'

2023-12-19 13:58:28 - [MESSAGE][PASSED] - Object 'Object Repository/MyAccount/message_Success Register' is present

2023-12-19 13:58:28 - [TEST_STEP][PASSED] - closeBrowser(): Browser is closed

2023-12-19 13:58:29 - [MESSAGE][PASSED] - Browser is closed]]></system-out>
         <system-err><![CDATA[]]></system-err>
      </testcase>
      <testcase name="Test Cases/SignUp/TCSG_002_Failed_Register using registered email" time="31.464" classname="Test Cases/SignUp/TCSG_002_Failed_Register using registered email" status="PASSED">
         <system-out><![CDATA[2023-12-19 13:58:29 - [TEST_CASE][PASSED] - Test Cases/SignUp/TCSG_002_Failed_Register using registered email: Test Cases/SignUp/TCSG_002_Failed_Register using registered email

2023-12-19 13:58:29 - [TEST_STEP][PASSED] - openBrowser(url): Browser is opened with url: 'https://magento.softwaretestingboard.com/'

2023-12-19 13:58:29 - [MESSAGE][INFO] - Starting 'Edge Chromium' driver

2023-12-19 13:58:30 - [MESSAGE][INFO] - Action delay is set to 0 milliseconds

2023-12-19 13:58:40 - [MESSAGE][PASSED] - Browser is opened with url: 'https://magento.softwaretestingboard.com/'

2023-12-19 13:58:40 - [TEST_STEP][PASSED] - click(findTestObject("HomePage/button_Sign Up")): Object: 'Object Repository/HomePage/button_Sign Up' is clicked on

2023-12-19 13:58:49 - [MESSAGE][PASSED] - Object: 'Object Repository/HomePage/button_Sign Up' is clicked on

2023-12-19 13:58:49 - [TEST_STEP][PASSED] - setText(findTestObject("SignUp/input_First Name"), "Salsabila"): Text 'Salsabila' is set on object 'Object Repository/SignUp/input_First Name'

2023-12-19 13:58:50 - [MESSAGE][PASSED] - Text 'Salsabila' is set on object 'Object Repository/SignUp/input_First Name'

2023-12-19 13:58:50 - [TEST_STEP][PASSED] - setText(findTestObject("SignUp/input_Last Name"), "Aisy"): Text 'Aisy' is set on object 'Object Repository/SignUp/input_Last Name'

2023-12-19 13:58:51 - [MESSAGE][PASSED] - Text 'Aisy' is set on object 'Object Repository/SignUp/input_Last Name'

2023-12-19 13:58:51 - [TEST_STEP][PASSED] - setText(findTestObject("SignUp/input_Email"), "salsabilasy@gmail.com"): Text 'salsabilasy@gmail.com' is set on object 'Object Repository/SignUp/input_Email'

2023-12-19 13:58:51 - [MESSAGE][PASSED] - Text 'salsabilasy@gmail.com' is set on object 'Object Repository/SignUp/input_Email'

2023-12-19 13:58:51 - [TEST_STEP][PASSED] - setEncryptedText(findTestObject("SignUp/input_Password"), "ugPaP9TfAFilB8cfGYIcUQ=="): Text ****** has been set on object 'Object Repository/SignUp/input_Password'

2023-12-19 13:58:52 - [MESSAGE][PASSED] - Text ****** has been set on object 'Object Repository/SignUp/input_Password'

2023-12-19 13:58:52 - [TEST_STEP][PASSED] - setEncryptedText(findTestObject("SignUp/input_Confirmation Password"), "ugPaP9TfAFilB8cfGYIcUQ=="): Text ****** has been set on object 'Object Repository/SignUp/input_Confirmation Password'

2023-12-19 13:58:53 - [MESSAGE][PASSED] - Text ****** has been set on object 'Object Repository/SignUp/input_Confirmation Password'

2023-12-19 13:58:53 - [TEST_STEP][PASSED] - click(findTestObject("SignUp/button_Create Account")): Object: 'Object Repository/SignUp/button_Create Account' is clicked on

2023-12-19 13:58:57 - [MESSAGE][PASSED] - Object: 'Object Repository/SignUp/button_Create Account' is clicked on

2023-12-19 13:58:57 - [TEST_STEP][PASSED] - delay(3): Delayed 3 second(s)

2023-12-19 13:59:00 - [MESSAGE][PASSED] - Delayed 3 second(s)

2023-12-19 13:59:00 - [TEST_STEP][PASSED] - verifyElementText(findTestObject("SignUp/message_There is already an account with this email"), "There is already an account with this email address. If you are sure that it is your email address, click here to get your password and access your account.", STOP_ON_FAILURE): Actual text and expected text of test object 'Object Repository/SignUp/message_There is already an account with this email' are matched.

2023-12-19 13:59:00 - [MESSAGE][PASSED] - Actual text and expected text of test object 'Object Repository/SignUp/message_There is already an account with this email' are matched.

2023-12-19 13:59:00 - [TEST_STEP][PASSED] - closeBrowser(): Browser is closed

2023-12-19 13:59:00 - [MESSAGE][PASSED] - Browser is closed]]></system-out>
         <system-err><![CDATA[]]></system-err>
      </testcase>
      <system-out><![CDATA[2023-12-19 13:57:51 - [TEST_SUITE][PASSED] - Auth: Test Cases/SignUp/TCSG_002_Failed_Register using registered email]]></system-out>
      <system-err><![CDATA[]]></system-err>
   </testsuite>
</testsuites>
